<?xml version="1.0" encoding="UTF-8"?>
<testng-results ignored="0" total="4" passed="4" failed="0" skipped="0">
  <reporter-output>
  </reporter-output>
  <suite started-at="2024-08-01T14:51:16 IST" name="Default suite" finished-at="2024-08-01T14:51:34 IST" duration-ms="17905">
    <groups>
      <group name="cucumber">
        <method signature="AbstractTestNGCucumberTests.runScenario(io.cucumber.testng.PickleWrapper,io.cucumber.testng.FeatureWrapper)[pri:0, instance:guru99.EcommerceProject.RunnerClasses.TestNGCucumberRunner@31ea9581]" name="runScenario" class="io.cucumber.testng.AbstractTestNGCucumberTests"/>
      </group> <!-- cucumber -->
    </groups>
    <test started-at="2024-08-01T14:51:16 IST" name="Default test" finished-at="2024-08-01T14:51:34 IST" duration-ms="17905">
      <class name="guru99.EcommerceProject.RunnerClasses.TestNGCucumberRunner">
        <test-method is-config="true" signature="setUpClass(org.testng.ITestContext)[pri:0, instance:guru99.EcommerceProject.RunnerClasses.TestNGCucumberRunner@31ea9581]" started-at="2024-08-01T14:51:16 IST" name="setUpClass" finished-at="2024-08-01T14:51:16 IST" duration-ms="167" status="PASS">
          <params>
            <param index="0">
              <value>
                <![CDATA[org.testng.TestRunner@3f390d63]]>
              </value>
            </param>
          </params>
          <reporter-output>
          </reporter-output>
        </test-method> <!-- setUpClass -->
        <test-method signature="runScenario(io.cucumber.testng.PickleWrapper,io.cucumber.testng.FeatureWrapper)[pri:0, instance:guru99.EcommerceProject.RunnerClasses.TestNGCucumberRunner@31ea9581]" started-at="2024-08-01T14:51:16 IST" name="runScenario" description="Runs Cucumber Scenarios" data-provider="scenarios" finished-at="2024-08-01T14:51:27 IST" duration-ms="11123" status="PASS">
          <params>
            <param index="0">
              <value>
                <![CDATA["Sort mobile products by name"]]>
              </value>
            </param>
            <param index="1">
              <value>
                <![CDATA["Optional[Mobile Sorting and Price Verification]"]]>
              </value>
            </param>
          </params>
          <reporter-output>
          </reporter-output>
        </test-method> <!-- runScenario -->
        <test-method signature="runScenario(io.cucumber.testng.PickleWrapper,io.cucumber.testng.FeatureWrapper)[pri:0, instance:guru99.EcommerceProject.RunnerClasses.TestNGCucumberRunner@31ea9581]" started-at="2024-08-01T14:51:16 IST" name="runScenario" description="Runs Cucumber Scenarios" data-provider="scenarios" finished-at="2024-08-01T14:51:34 IST" duration-ms="17690" status="PASS">
          <params>
            <param index="0">
              <value>
                <![CDATA["Verify error message for invalid quantity and empty cart"]]>
              </value>
            </param>
            <param index="1">
              <value>
                <![CDATA["Optional[Mobile Sorting and Price Verification]"]]>
              </value>
            </param>
          </params>
          <reporter-output>
          </reporter-output>
        </test-method> <!-- runScenario -->
        <test-method signature="runScenario(io.cucumber.testng.PickleWrapper,io.cucumber.testng.FeatureWrapper)[pri:0, instance:guru99.EcommerceProject.RunnerClasses.TestNGCucumberRunner@31ea9581]" started-at="2024-08-01T14:51:16 IST" name="runScenario" description="Runs Cucumber Scenarios" data-provider="scenarios" finished-at="2024-08-01T14:51:29 IST" duration-ms="12697" status="PASS">
          <params>
            <param index="0">
              <value>
                <![CDATA["Compare price of Sony Xperia on list and detail pages"]]>
              </value>
            </param>
            <param index="1">
              <value>
                <![CDATA["Optional[Mobile Sorting and Price Verification]"]]>
              </value>
            </param>
          </params>
          <reporter-output>
          </reporter-output>
        </test-method> <!-- runScenario -->
        <test-method signature="runScenario(io.cucumber.testng.PickleWrapper,io.cucumber.testng.FeatureWrapper)[pri:0, instance:guru99.EcommerceProject.RunnerClasses.TestNGCucumberRunner@31ea9581]" started-at="2024-08-01T14:51:16 IST" name="runScenario" description="Runs Cucumber Scenarios" data-provider="scenarios" finished-at="2024-08-01T14:51:31 IST" duration-ms="14718" status="PASS">
          <params>
            <param index="0">
              <value>
                <![CDATA["Compare two mobile products"]]>
              </value>
            </param>
            <param index="1">
              <value>
                <![CDATA["Optional[Mobile Sorting and Price Verification]"]]>
              </value>
            </param>
          </params>
          <reporter-output>
          </reporter-output>
        </test-method> <!-- runScenario -->
        <test-method is-config="true" signature="tearDownClass()[pri:0, instance:guru99.EcommerceProject.RunnerClasses.TestNGCucumberRunner@31ea9581]" started-at="2024-08-01T14:51:34 IST" name="tearDownClass" finished-at="2024-08-01T14:51:34 IST" duration-ms="13" status="PASS">
          <reporter-output>
          </reporter-output>
        </test-method> <!-- tearDownClass -->
      </class> <!-- guru99.EcommerceProject.RunnerClasses.TestNGCucumberRunner -->
    </test> <!-- Default test -->
  </suite> <!-- Default suite -->
</testng-results>
